22:38:56.061 [main] INFO  testCases.RegPageTestCases - clicking on myaccount link
14:43:33.403 [main] INFO  testCases.RegPageTestCases - clicking on myaccount link
14:49:31.178 [TestNG-tests-1] INFO  testCases.RegPageTestCases - clicking on myaccount link
14:49:31.827 [TestNG-tests-2] INFO  testCases.RegPageTestCases - clicking on myaccount link
14:50:53.476 [TestNG-tests-2] INFO  testCases.RegPageTestCases - clicking on myaccount link
14:50:54.295 [TestNG-tests-1] INFO  testCases.RegPageTestCases - clicking on myaccount link
15:10:15.715 [TestNG-tests-2] INFO  testCases.RegPageTestCases - clicking on myaccount link
15:10:16.109 [TestNG-tests-1] INFO  testCases.RegPageTestCases - clicking on myaccount link
15:10:19.025 [TestNG-tests-2] INFO  testCases.RegPageTestCases - Proving customer details
15:10:19.535 [TestNG-tests-1] INFO  testCases.RegPageTestCases - Proving customer details
15:12:20.667 [main] INFO  testCases.RegPageTestCases - clicking on myaccount link
15:12:22.718 [main] INFO  testCases.RegPageTestCases - Providng customer details
15:12:23.384 [main] INFO  testCases.RegPageTestCases - clicking on continue
15:13:53.717 [main] INFO  testCases.RegPageTestCases - Clicking on MyAccount link
15:13:55.714 [main] INFO  testCases.RegPageTestCases - Providing customer details
15:13:56.309 [main] INFO  testCases.RegPageTestCases - Clicking on Continue
15:20:35.411 [main] INFO  testCases.RegPageTestCases - Clicking on MyAccount link
15:20:38.247 [main] INFO  testCases.RegPageTestCases - Providing customer details
15:20:38.815 [main] INFO  testCases.RegPageTestCases - Clicking on Continue
15:22:29.738 [main] INFO  testCases.RegPageTestCases - Clicking on MyAccount link
15:22:31.116 [main] INFO  testCases.RegPageTestCases - Providing customer details
15:25:26.192 [main] INFO  testCases.RegPageTestCases - Clicking on MyAccount link
15:25:29.073 [main] INFO  testCases.RegPageTestCases - Providing customer details
15:28:35.329 [main] INFO  testCases.RegPageTestCases - Clicking on MyAccount link
15:28:37.392 [main] INFO  testCases.RegPageTestCases - Providing customer details
15:29:43.319 [main] INFO  testCases.RegPageTestCases - Clicking on MyAccount link
15:29:45.860 [main] INFO  testCases.RegPageTestCases - Providing customer details
20:47:24.381 [main] INFO  testCases.RegPageTestCases - Clicking on MyAccount link
20:47:27.584 [main] INFO  testCases.RegPageTestCases - Providing customer details
21:15:51.538 [main] INFO  testCases.RegPageTestCases - Clicking on MyAccount link
21:15:54.718 [main] INFO  testCases.RegPageTestCases - Providing customer details
10:27:28.083 [main] INFO  testCases.LoginPageTest - ******Starting LoginPageTest*******
10:27:28.115 [main] INFO  testCases.LoginPageTest - Click on MyAccount and  Login Button
10:27:30.642 [main] INFO  testCases.LoginPageTest - Entering LoginPage Details
10:28:52.434 [main] INFO  testCases.LoginPageTest - ******Starting LoginPageTest*******
10:28:52.470 [main] INFO  testCases.LoginPageTest - Click on MyAccount and  Login Button
10:28:54.629 [main] INFO  testCases.LoginPageTest - Entering LoginPage Details
10:32:19.283 [main] INFO  testCases.LoginPageTest - ******Starting LoginPageTest*******
10:32:19.321 [main] INFO  testCases.LoginPageTest - Click on MyAccount and  Login Button
10:32:21.093 [main] INFO  testCases.LoginPageTest - Entering LoginPage Details
11:30:48.870 [main] INFO  testCases.LoginPageTest - ******Starting LoginPageTest*******
11:30:48.915 [main] INFO  testCases.LoginPageTest - Click on MyAccount and  Login Button
11:30:51.176 [main] INFO  testCases.LoginPageTest - Entering LoginPage Details
13:03:26.126 [main] INFO  testCases.LoginPageTest - ******Starting LoginPageTest*******
13:03:26.154 [main] INFO  testCases.LoginPageTest - Click on MyAccount and  Login Button
13:03:27.620 [main] INFO  testCases.LoginPageTest - Entering LoginPage Details
13:03:28.096 [main] INFO  testCases.LoginPageTest - ******Starting LoginPageTest*******
13:03:28.097 [main] INFO  testCases.LoginPageTest - Click on MyAccount and  Login Button
13:03:29.463 [main] INFO  testCases.LoginPageTest - Entering LoginPage Details
13:03:29.739 [main] INFO  testCases.LoginPageTest - ******Starting LoginPageTest*******
13:03:29.740 [main] INFO  testCases.LoginPageTest - Click on MyAccount and  Login Button
13:03:30.976 [main] INFO  testCases.LoginPageTest - Entering LoginPage Details
13:03:31.234 [main] INFO  testCases.LoginPageTest - ******Starting LoginPageTest*******
13:03:31.234 [main] INFO  testCases.LoginPageTest - Click on MyAccount and  Login Button
13:03:32.509 [main] INFO  testCases.LoginPageTest - Entering LoginPage Details
13:03:32.770 [main] INFO  testCases.LoginPageTest - ******Starting LoginPageTest*******
13:03:32.770 [main] INFO  testCases.LoginPageTest - Click on MyAccount and  Login Button
13:03:36.308 [main] INFO  testCases.LoginPageTest - Entering LoginPage Details
14:26:56.956 [TestNG-tests-2] INFO  testCases.RegPageTestCases - Clicking on MyAccount link
14:26:56.958 [TestNG-tests-1] INFO  testCases.RegPageTestCases - Clicking on MyAccount link
14:27:07.262 [TestNG-tests-2] ERROR testCases.RegPageTestCases - test failed
14:27:07.746 [TestNG-tests-1] INFO  testCases.RegPageTestCases - Providing customer details
14:27:07.779 [TestNG-tests-1] ERROR testCases.RegPageTestCases - test failed
14:29:35.622 [main] INFO  testCases.LoginPageTest - ******Starting LoginPageTest*******
14:29:35.644 [main] INFO  testCases.LoginPageTest - Click on MyAccount and  Login Button
14:29:37.277 [main] INFO  testCases.LoginPageTest - Entering LoginPage Details
14:29:37.771 [main] INFO  testCases.LoginPageTest - ******Starting LoginPageTest*******
14:29:37.771 [main] INFO  testCases.LoginPageTest - Click on MyAccount and  Login Button
14:29:38.771 [main] INFO  testCases.LoginPageTest - Entering LoginPage Details
14:29:39.055 [main] INFO  testCases.LoginPageTest - ******Starting LoginPageTest*******
14:29:39.055 [main] INFO  testCases.LoginPageTest - Click on MyAccount and  Login Button
14:29:39.995 [main] INFO  testCases.LoginPageTest - Entering LoginPage Details
14:29:40.403 [main] INFO  testCases.LoginPageTest - ******Starting LoginPageTest*******
14:29:40.404 [main] INFO  testCases.LoginPageTest - Click on MyAccount and  Login Button
14:29:41.541 [main] INFO  testCases.LoginPageTest - Entering LoginPage Details
14:29:41.825 [main] INFO  testCases.LoginPageTest - ******Starting LoginPageTest*******
14:29:41.826 [main] INFO  testCases.LoginPageTest - Click on MyAccount and  Login Button
14:29:42.759 [main] INFO  testCases.LoginPageTest - Entering LoginPage Details
14:50:54.896 [main] INFO  testCases.RegPageTestCases - Clicking on MyAccount link
14:50:57.562 [main] INFO  testCases.RegPageTestCases - Providing customer details
14:51:06.906 [main] INFO  testCases.LoginPageTest - ******Starting LoginPageTest*******
14:51:06.907 [main] INFO  testCases.LoginPageTest - Click on MyAccount and  Login Button
14:51:08.476 [main] INFO  testCases.LoginPageTest - Entering LoginPage Details
14:51:08.930 [main] INFO  testCases.LoginPageTest - ******Starting LoginPageTest*******
14:51:08.930 [main] INFO  testCases.LoginPageTest - Click on MyAccount and  Login Button
14:51:09.757 [main] INFO  testCases.LoginPageTest - Entering LoginPage Details
14:51:10.067 [main] INFO  testCases.LoginPageTest - ******Starting LoginPageTest*******
14:51:10.068 [main] INFO  testCases.LoginPageTest - Click on MyAccount and  Login Button
14:51:11.231 [main] INFO  testCases.LoginPageTest - Entering LoginPage Details
14:51:11.580 [main] INFO  testCases.LoginPageTest - ******Starting LoginPageTest*******
14:51:11.580 [main] INFO  testCases.LoginPageTest - Click on MyAccount and  Login Button
14:51:12.346 [main] INFO  testCases.LoginPageTest - Entering LoginPage Details
14:51:12.611 [main] INFO  testCases.LoginPageTest - ******Starting LoginPageTest*******
14:51:12.622 [main] INFO  testCases.LoginPageTest - Click on MyAccount and  Login Button
14:51:15.539 [main] INFO  testCases.LoginPageTest - Entering LoginPage Details
14:52:36.078 [main] INFO  testCases.RegPageTestCases - Clicking on MyAccount link
14:52:38.404 [main] INFO  testCases.RegPageTestCases - Providing customer details
14:52:47.052 [main] INFO  testCases.LoginPageTest - ******Starting LoginPageTest*******
14:52:47.053 [main] INFO  testCases.LoginPageTest - Click on MyAccount and  Login Button
14:52:48.382 [main] INFO  testCases.LoginPageTest - Entering LoginPage Details
14:52:48.845 [main] INFO  testCases.LoginPageTest - ******Starting LoginPageTest*******
14:52:48.846 [main] INFO  testCases.LoginPageTest - Click on MyAccount and  Login Button
14:52:49.836 [main] INFO  testCases.LoginPageTest - Entering LoginPage Details
14:52:50.116 [main] INFO  testCases.LoginPageTest - ******Starting LoginPageTest*******
14:52:50.117 [main] INFO  testCases.LoginPageTest - Click on MyAccount and  Login Button
14:52:51.386 [main] INFO  testCases.LoginPageTest - Entering LoginPage Details
14:52:51.919 [main] INFO  testCases.LoginPageTest - ******Starting LoginPageTest*******
14:52:51.919 [main] INFO  testCases.LoginPageTest - Click on MyAccount and  Login Button
14:52:52.878 [main] INFO  testCases.LoginPageTest - Entering LoginPage Details
14:52:53.207 [main] INFO  testCases.LoginPageTest - ******Starting LoginPageTest*******
14:52:53.208 [main] INFO  testCases.LoginPageTest - Click on MyAccount and  Login Button
14:52:54.138 [main] INFO  testCases.LoginPageTest - Entering LoginPage Details
14:55:39.881 [main] INFO  testCases.RegPageTestCases - Clicking on MyAccount link
14:55:42.323 [main] INFO  testCases.RegPageTestCases - Providing customer details
14:56:39.927 [main] INFO  testCases.LoginPageTest - ******Starting LoginPageTest*******
14:56:39.966 [main] INFO  testCases.LoginPageTest - Click on MyAccount and  Login Button
14:56:41.178 [main] INFO  testCases.LoginPageTest - Entering LoginPage Details
14:56:41.698 [main] INFO  testCases.LoginPageTest - ******Starting LoginPageTest*******
14:56:41.699 [main] INFO  testCases.LoginPageTest - Click on MyAccount and  Login Button
14:56:42.638 [main] INFO  testCases.LoginPageTest - Entering LoginPage Details
14:56:42.920 [main] INFO  testCases.LoginPageTest - ******Starting LoginPageTest*******
14:56:42.921 [main] INFO  testCases.LoginPageTest - Click on MyAccount and  Login Button
14:56:43.888 [main] INFO  testCases.LoginPageTest - Entering LoginPage Details
14:56:44.294 [main] INFO  testCases.LoginPageTest - ******Starting LoginPageTest*******
14:56:44.295 [main] INFO  testCases.LoginPageTest - Click on MyAccount and  Login Button
14:56:44.897 [main] INFO  testCases.LoginPageTest - Entering LoginPage Details
14:56:45.173 [main] INFO  testCases.LoginPageTest - ******Starting LoginPageTest*******
14:56:45.174 [main] INFO  testCases.LoginPageTest - Click on MyAccount and  Login Button
14:56:46.190 [main] INFO  testCases.LoginPageTest - Entering LoginPage Details
15:59:16.869 [main] INFO  testCases.LoginPageTest - ******Starting LoginPageTest*******
15:59:16.898 [main] INFO  testCases.LoginPageTest - Click on MyAccount and  Login Button
15:59:18.368 [main] INFO  testCases.LoginPageTest - Entering LoginPage Details
15:59:18.853 [main] INFO  testCases.LoginPageTest - ******Starting LoginPageTest*******
15:59:18.854 [main] INFO  testCases.LoginPageTest - Click on MyAccount and  Login Button
15:59:20.328 [main] INFO  testCases.LoginPageTest - Entering LoginPage Details
15:59:20.591 [main] INFO  testCases.LoginPageTest - ******Starting LoginPageTest*******
15:59:20.591 [main] INFO  testCases.LoginPageTest - Click on MyAccount and  Login Button
15:59:21.803 [main] INFO  testCases.LoginPageTest - Entering LoginPage Details
15:59:22.075 [main] INFO  testCases.LoginPageTest - ******Starting LoginPageTest*******
15:59:22.076 [main] INFO  testCases.LoginPageTest - Click on MyAccount and  Login Button
15:59:23.028 [main] INFO  testCases.LoginPageTest - Entering LoginPage Details
15:59:23.388 [main] INFO  testCases.LoginPageTest - ******Starting LoginPageTest*******
15:59:23.389 [main] INFO  testCases.LoginPageTest - Click on MyAccount and  Login Button
15:59:24.271 [main] INFO  testCases.LoginPageTest - Entering LoginPage Details
